<?xml version="1.0" encoding="UTF-8" standalone="no"?><testsuite errors="0" failures="0" name="tests.AddContactRestNegativeTest" skipped="0" tests="9" time="1.82" timestamp="2024-04-02 01:26:00"><testcase classname="tests.AddContactRestNegativeTest" name="Should NOT be able to add a contact with an empty first name"/><testcase classname="tests.AddContactRestNegativeTest" name="Should NOT be able to add a contact with an empty last name"/><testcase classname="tests.AddContactRestNegativeTest" name="Should NOT be able to add a contact with a long first name"/><testcase classname="tests.AddContactRestNegativeTest" name="Should NOT be able to add a contact with a long last name"/><testcase classname="tests.AddContactRestNegativeTest" name="Should NOT be able to add a contact with an invalid birthdate"/><testcase classname="tests.AddContactRestNegativeTest" name="Should NOT be able to add a contact with a wrong format birthdate"/><testcase classname="tests.AddContactRestNegativeTest" name="Should NOT be able to add a contact with an invalid email"/><testcase classname="tests.AddContactRestNegativeTest" name="Should NOT be able to add a contact with an invalid phone number"/><testcase classname="tests.AddContactRestNegativeTest" name="Should NOT be able to add a contact with a long state"/></testsuite>