<?xml version="1.0" encoding="UTF-8" standalone="no"?><testsuite errors="0" failures="0" name="Contact list management" skipped="0" tests="6" time="31.15" timestamp="2024-04-02 01:25:27"><testcase name="Delete a contact from the contact list"/><testcase name="Try to set empty first and last name to the existing contact"/><testcase name="Try to add new contact with empty first and last name to the contact list"/><testcase name="Add new contact to the contact list"/><testcase name="Edit existing contact from the contact list"/></testsuite>