<?xml version="1.0" encoding="UTF-8" standalone="no"?><testsuite errors="0" failures="0" name="tests.AddContactRestPositiveTest" skipped="0" tests="22" time="4.8" timestamp="2024-04-02 01:26:00"><testcase classname="tests.AddContactRestPositiveTest" name="Should be able to add a valid contact"/><testcase classname="tests.AddContactRestPositiveTest" name="Should be able to add a contact with an empty birthdate"/><testcase classname="tests.AddContactRestPositiveTest" name="Should be able to add a contact with an empty email"/><testcase classname="tests.AddContactRestPositiveTest" name="Should be able to add a contact with an empty phone"/><testcase classname="tests.AddContactRestPositiveTest" name="Should be able to add a contact with an empty street line 1"/><testcase classname="tests.AddContactRestPositiveTest" name="Should be able to add a contact with an empty city"/><testcase classname="tests.AddContactRestPositiveTest" name="Should be able to add a contact with an empty state/province"/><testcase classname="tests.AddContactRestPositiveTest" name="Should be able to add a contact with an empty postal code"/><testcase classname="tests.AddContactRestPositiveTest" name="Should be able to add a contact with an empty country"/><testcase classname="tests.AddContactRestPositiveTest" name="Should be able to add a contact with a short first name"/><testcase classname="tests.AddContactRestPositiveTest" name="Should be able to add a contact with a maximum length first name"/><testcase classname="tests.AddContactRestPositiveTest" name="Should be able to add a contact whose first name includes numbers"/><testcase classname="tests.AddContactRestPositiveTest" name="Should be able to add a contact whose first name includes special characters"/><testcase classname="tests.AddContactRestPositiveTest" name="Should be able to add a contact with a short last name"/><testcase classname="tests.AddContactRestPositiveTest" name="Should be able to add a contact with a maximum length last name"/><testcase classname="tests.AddContactRestPositiveTest" name="Should be able to add a contact whose last name includes numbers"/><testcase classname="tests.AddContactRestPositiveTest" name="Should be able to add a contact whose last name includes special characters"/><testcase classname="tests.AddContactRestPositiveTest" name="Should be able to add a contact with uppercase letters in the email"/><testcase classname="tests.AddContactRestPositiveTest" name="Should be able to add a contact with a subdomain in the email"/><testcase classname="tests.AddContactRestPositiveTest" name="Should be able to add a contact whose email includes numbers"/><testcase classname="tests.AddContactRestPositiveTest" name="Should be able to add a contact whose email includes a dot"/><testcase classname="tests.AddContactRestPositiveTest" name="Should be able to add a contact whose email includes a hyphen"/></testsuite>